<?xml version="1.0" encoding="UTF-8"?>
<testng-results ignored="0" total="1" passed="1" failed="0" skipped="0">
  <reporter-output>
  </reporter-output>
  <suite started-at="2021-06-06T21:28:28Z" name="Default suite" finished-at="2021-06-06T21:28:39Z" duration-ms="11054">
    <groups>
    </groups>
    <test started-at="2021-06-06T21:28:28Z" name="Default test" finished-at="2021-06-06T21:28:39Z" duration-ms="11054">
      <class name="MultiWindowHandler">
        <test-method signature="testing1()[pri:0, instance:MultiWindowHandler@68567e20]" started-at="2021-06-06T21:28:28Z" name="testing1" finished-at="2021-06-06T21:28:39Z" duration-ms="11021" status="PASS">
          <reporter-output>
          </reporter-output>
        </test-method> <!-- testing1 -->
      </class> <!-- MultiWindowHandler -->
    </test> <!-- Default test -->
  </suite> <!-- Default suite -->
</testng-results>
